2023-01-17 10:32:42 [[stock-index-server]] error: uncaughtException: getApiList is not defined
ReferenceError: getApiList is not defined
    at Object.<anonymous> (C:\Users\Seokbong\Desktop\workspace\stock-index-server\getSheet.js:91:11)
    at Module._compile (node:internal/modules/cjs/loader:1218:14)
    at Module._extensions..js (node:internal/modules/cjs/loader:1272:10)
    at Module.load (node:internal/modules/cjs/loader:1081:32)
    at Module._load (node:internal/modules/cjs/loader:922:12)
    at Module.require (node:internal/modules/cjs/loader:1105:19)
    at require (node:internal/modules/cjs/helpers:103:18)
    at Object.<anonymous> (C:\Users\Seokbong\Desktop\workspace\stock-index-server\index.js:2:30)
    at Module._compile (node:internal/modules/cjs/loader:1218:14)
    at Module._extensions..js (node:internal/modules/cjs/loader:1272:10)
2023-01-17 10:33:27 [[stock-index-server]] error: uncaughtException: getApiList is not defined
ReferenceError: getApiList is not defined
    at Object.<anonymous> (C:\Users\Seokbong\Desktop\workspace\stock-index-server\getSheet.js:91:11)
    at Module._compile (node:internal/modules/cjs/loader:1218:14)
    at Module._extensions..js (node:internal/modules/cjs/loader:1272:10)
    at Module.load (node:internal/modules/cjs/loader:1081:32)
    at Module._load (node:internal/modules/cjs/loader:922:12)
    at Module.require (node:internal/modules/cjs/loader:1105:19)
    at require (node:internal/modules/cjs/helpers:103:18)
    at Object.<anonymous> (C:\Users\Seokbong\Desktop\workspace\stock-index-server\index.js:2:30)
    at Module._compile (node:internal/modules/cjs/loader:1218:14)
    at Module._extensions..js (node:internal/modules/cjs/loader:1272:10)
2023-01-17 10:34:36 [[stock-index-server]] error: uncaughtException: getApiList is not defined
ReferenceError: getApiList is not defined
    at Object.<anonymous> (C:\Users\Seokbong\Desktop\workspace\stock-index-server\getSheet.js:91:11)
    at Module._compile (node:internal/modules/cjs/loader:1218:14)
    at Module._extensions..js (node:internal/modules/cjs/loader:1272:10)
    at Module.load (node:internal/modules/cjs/loader:1081:32)
    at Module._load (node:internal/modules/cjs/loader:922:12)
    at Module.require (node:internal/modules/cjs/loader:1105:19)
    at require (node:internal/modules/cjs/helpers:103:18)
    at Object.<anonymous> (C:\Users\Seokbong\Desktop\workspace\stock-index-server\index.js:2:30)
    at Module._compile (node:internal/modules/cjs/loader:1218:14)
    at Module._extensions..js (node:internal/modules/cjs/loader:1272:10)
2023-01-17 10:34:52 [[stock-index-server]] error: uncaughtException: getApiList is not defined
ReferenceError: getApiList is not defined
    at Object.<anonymous> (C:\Users\Seokbong\Desktop\workspace\stock-index-server\getSheet.js:91:11)
    at Module._compile (node:internal/modules/cjs/loader:1218:14)
    at Module._extensions..js (node:internal/modules/cjs/loader:1272:10)
    at Module.load (node:internal/modules/cjs/loader:1081:32)
    at Module._load (node:internal/modules/cjs/loader:922:12)
    at Module.require (node:internal/modules/cjs/loader:1105:19)
    at require (node:internal/modules/cjs/helpers:103:18)
    at Object.<anonymous> (C:\Users\Seokbong\Desktop\workspace\stock-index-server\index.js:2:30)
    at Module._compile (node:internal/modules/cjs/loader:1218:14)
    at Module._extensions..js (node:internal/modules/cjs/loader:1272:10)
2023-01-17 10:35:05 [[stock-index-server]] error: uncaughtException: getApiList is not defined
ReferenceError: getApiList is not defined
    at Object.<anonymous> (C:\Users\Seokbong\Desktop\workspace\stock-index-server\getSheet.js:91:11)
    at Module._compile (node:internal/modules/cjs/loader:1218:14)
    at Module._extensions..js (node:internal/modules/cjs/loader:1272:10)
    at Module.load (node:internal/modules/cjs/loader:1081:32)
    at Module._load (node:internal/modules/cjs/loader:922:12)
    at Module.require (node:internal/modules/cjs/loader:1105:19)
    at require (node:internal/modules/cjs/helpers:103:18)
    at Object.<anonymous> (C:\Users\Seokbong\Desktop\workspace\stock-index-server\index.js:2:30)
    at Module._compile (node:internal/modules/cjs/loader:1218:14)
    at Module._extensions..js (node:internal/modules/cjs/loader:1272:10)
2023-01-17 10:53:25 [[stock-index-server]] error: uncaughtException: req is not defined
ReferenceError: req is not defined
    at Object.<anonymous> (C:\Users\Seokbong\Desktop\workspace\stock-index-server\index.js:13:26)
    at Module._compile (node:internal/modules/cjs/loader:1218:14)
    at Module._extensions..js (node:internal/modules/cjs/loader:1272:10)
    at Module.load (node:internal/modules/cjs/loader:1081:32)
    at Module._load (node:internal/modules/cjs/loader:922:12)
    at Function.executeUserEntryPoint [as runMain] (node:internal/modules/run_main:81:12)
    at node:internal/main/run_main_module:23:47
2023-01-17 10:57:48 [[stock-index-server]] error: uncaughtException: key is not defined
ReferenceError: key is not defined
    at Object.<anonymous> (C:\Users\Seokbong\Desktop\workspace\stock-index-server\api.js:79:16)
    at Module._compile (node:internal/modules/cjs/loader:1218:14)
    at Module._extensions..js (node:internal/modules/cjs/loader:1272:10)
    at Module.load (node:internal/modules/cjs/loader:1081:32)
    at Module._load (node:internal/modules/cjs/loader:922:12)
    at Module.require (node:internal/modules/cjs/loader:1105:19)
    at require (node:internal/modules/cjs/helpers:103:18)
    at Object.<anonymous> (C:\Users\Seokbong\Desktop\workspace\stock-index-server\index.js:2:21)
    at Module._compile (node:internal/modules/cjs/loader:1218:14)
    at Module._extensions..js (node:internal/modules/cjs/loader:1272:10)
2023-01-17 14:02:12 [[stock-index-server]] error: uncaughtException: getApiList is not defined
ReferenceError: getApiList is not defined
    at Object.<anonymous> (C:\Users\Seokbong\Desktop\workspace\stock-index-server\api.js:213:5)
    at Module._compile (node:internal/modules/cjs/loader:1218:14)
    at Module._extensions..js (node:internal/modules/cjs/loader:1272:10)
    at Module.load (node:internal/modules/cjs/loader:1081:32)
    at Module._load (node:internal/modules/cjs/loader:922:12)
    at Module.require (node:internal/modules/cjs/loader:1105:19)
    at require (node:internal/modules/cjs/helpers:103:18)
    at Object.<anonymous> (C:\Users\Seokbong\Desktop\workspace\stock-index-server\index.js:2:21)
    at Module._compile (node:internal/modules/cjs/loader:1218:14)
    at Module._extensions..js (node:internal/modules/cjs/loader:1272:10)
2023-01-17 14:02:16 [[stock-index-server]] error: uncaughtException: getApiList is not defined
ReferenceError: getApiList is not defined
    at Object.<anonymous> (C:\Users\Seokbong\Desktop\workspace\stock-index-server\api.js:213:5)
    at Module._compile (node:internal/modules/cjs/loader:1218:14)
    at Module._extensions..js (node:internal/modules/cjs/loader:1272:10)
    at Module.load (node:internal/modules/cjs/loader:1081:32)
    at Module._load (node:internal/modules/cjs/loader:922:12)
    at Module.require (node:internal/modules/cjs/loader:1105:19)
    at require (node:internal/modules/cjs/helpers:103:18)
    at Object.<anonymous> (C:\Users\Seokbong\Desktop\workspace\stock-index-server\index.js:2:33)
    at Module._compile (node:internal/modules/cjs/loader:1218:14)
    at Module._extensions..js (node:internal/modules/cjs/loader:1272:10)
2023-01-17 14:02:26 [[stock-index-server]] error: uncaughtException: Cannot access 'getApiList' before initialization
ReferenceError: Cannot access 'getApiList' before initialization
    at Object.<anonymous> (C:\Users\Seokbong\Desktop\workspace\stock-index-server\api.js:215:5)
    at Module._compile (node:internal/modules/cjs/loader:1218:14)
    at Module._extensions..js (node:internal/modules/cjs/loader:1272:10)
    at Module.load (node:internal/modules/cjs/loader:1081:32)
    at Module._load (node:internal/modules/cjs/loader:922:12)
    at Module.require (node:internal/modules/cjs/loader:1105:19)
    at require (node:internal/modules/cjs/helpers:103:18)
    at Object.<anonymous> (C:\Users\Seokbong\Desktop\workspace\stock-index-server\index.js:2:33)
    at Module._compile (node:internal/modules/cjs/loader:1218:14)
    at Module._extensions..js (node:internal/modules/cjs/loader:1272:10)
