2023-01-17 10:35:28 [[stock-index-server]] info: stock-index-server listening on port 3000
2023-01-17 10:35:33 [[stock-index-server]] info: GET /
2023-01-17 10:37:16 [[stock-index-server]] info: stock-index-server listening on port 3000
2023-01-17 10:37:19 [[stock-index-server]] info: stock-index-server listening on port 3000
2023-01-17 10:37:21 [[stock-index-server]] info: stock-index-server listening on port 3000
2023-01-17 10:37:22 [[stock-index-server]] info: stock-index-server listening on port 3000
2023-01-17 10:37:25 [[stock-index-server]] info: stock-index-server listening on port 3000
2023-01-17 10:37:25 [[stock-index-server]] info: stock-index-server listening on port 3000
2023-01-17 10:37:31 [[stock-index-server]] info: stock-index-server listening on port 3000
2023-01-17 10:37:32 [[stock-index-server]] info: GET /
2023-01-17 10:37:47 [[stock-index-server]] info: stock-index-server listening on port 3000
2023-01-17 10:37:49 [[stock-index-server]] info: stock-index-server listening on port 3000
2023-01-17 10:37:52 [[stock-index-server]] info: GET /
2023-01-17 10:37:58 [[stock-index-server]] info: GET /
2023-01-17 10:38:21 [[stock-index-server]] info: stock-index-server listening on port 3000
2023-01-17 10:38:26 [[stock-index-server]] info: stock-index-server listening on port 3000
2023-01-17 10:38:34 [[stock-index-server]] info: stock-index-server listening on port 3000
2023-01-17 10:38:35 [[stock-index-server]] info: GET /
2023-01-17 10:39:54 [[stock-index-server]] info: stock-index-server listening on port 3000
2023-01-17 10:40:00 [[stock-index-server]] info: stock-index-server listening on port 3000
2023-01-17 10:40:03 [[stock-index-server]] info: GET /
2023-01-17 10:40:17 [[stock-index-server]] info: stock-index-server listening on port 3000
2023-01-17 10:40:25 [[stock-index-server]] info: stock-index-server listening on port 3000
2023-01-17 10:40:28 [[stock-index-server]] info: stock-index-server listening on port 3000
2023-01-17 10:40:30 [[stock-index-server]] info: stock-index-server listening on port 3000
2023-01-17 10:40:34 [[stock-index-server]] info: GET /
2023-01-17 10:40:50 [[stock-index-server]] info: stock-index-server listening on port 3000
2023-01-17 10:40:51 [[stock-index-server]] info: GET /
2023-01-17 10:40:57 [[stock-index-server]] info: stock-index-server listening on port 3000
2023-01-17 10:40:57 [[stock-index-server]] info: GET /
2023-01-17 10:41:18 [[stock-index-server]] info: stock-index-server listening on port 3000
2023-01-17 10:41:22 [[stock-index-server]] info: stock-index-server listening on port 3000
2023-01-17 10:41:23 [[stock-index-server]] info: stock-index-server listening on port 3000
2023-01-17 10:41:31 [[stock-index-server]] info: stock-index-server listening on port 3000
2023-01-17 10:41:31 [[stock-index-server]] info: GET /
2023-01-17 10:41:36 [[stock-index-server]] info: stock-index-server listening on port 3000
2023-01-17 10:41:37 [[stock-index-server]] info: GET /
2023-01-17 10:41:39 [[stock-index-server]] info: stock-index-server listening on port 3000
2023-01-17 10:42:08 [[stock-index-server]] info: GET /
2023-01-17 10:43:11 [[stock-index-server]] info: GET /
2023-01-17 10:43:57 [[stock-index-server]] info: stock-index-server listening on port 3000
2023-01-17 10:43:59 [[stock-index-server]] info: stock-index-server listening on port 3000
2023-01-17 10:44:26 [[stock-index-server]] info: stock-index-server listening on port 3000
2023-01-17 10:44:31 [[stock-index-server]] info: stock-index-server listening on port 3000
2023-01-17 10:44:33 [[stock-index-server]] info: stock-index-server listening on port 3000
2023-01-17 10:44:41 [[stock-index-server]] info: stock-index-server listening on port 3000
2023-01-17 10:44:47 [[stock-index-server]] info: stock-index-server listening on port 3000
2023-01-17 10:44:50 [[stock-index-server]] info: stock-index-server listening on port 3000
2023-01-17 10:44:52 [[stock-index-server]] info: stock-index-server listening on port 3000
2023-01-17 10:45:12 [[stock-index-server]] info: stock-index-server listening on port 3000
2023-01-17 10:45:22 [[stock-index-server]] info: stock-index-server listening on port 3000
2023-01-17 10:45:26 [[stock-index-server]] info: stock-index-server listening on port 3000
2023-01-17 10:45:31 [[stock-index-server]] info: stock-index-server listening on port 3000
2023-01-17 10:45:32 [[stock-index-server]] info: stock-index-server listening on port 3000
2023-01-17 10:45:38 [[stock-index-server]] info: stock-index-server listening on port 3000
2023-01-17 10:45:57 [[stock-index-server]] info: stock-index-server listening on port 3000
2023-01-17 10:46:00 [[stock-index-server]] info: stock-index-server listening on port 3000
2023-01-17 10:46:03 [[stock-index-server]] info: stock-index-server listening on port 3000
2023-01-17 10:46:08 [[stock-index-server]] info: stock-index-server listening on port 3000
2023-01-17 10:46:12 [[stock-index-server]] info: stock-index-server listening on port 3000
2023-01-17 10:46:17 [[stock-index-server]] info: stock-index-server listening on port 3000
2023-01-17 10:46:22 [[stock-index-server]] info: stock-index-server listening on port 3000
2023-01-17 10:46:23 [[stock-index-server]] info: stock-index-server listening on port 3000
2023-01-17 10:46:32 [[stock-index-server]] info: stock-index-server listening on port 3000
2023-01-17 10:46:36 [[stock-index-server]] info: stock-index-server listening on port 3000
2023-01-17 10:46:36 [[stock-index-server]] info: GET /
2023-01-17 10:46:43 [[stock-index-server]] info: stock-index-server listening on port 3000
2023-01-17 10:46:49 [[stock-index-server]] info: stock-index-server listening on port 3000
2023-01-17 10:46:56 [[stock-index-server]] info: stock-index-server listening on port 3000
2023-01-17 10:47:00 [[stock-index-server]] info: stock-index-server listening on port 3000
2023-01-17 10:47:18 [[stock-index-server]] info: stock-index-server listening on port 3000
2023-01-17 10:47:24 [[stock-index-server]] info: stock-index-server listening on port 3000
2023-01-17 10:47:26 [[stock-index-server]] info: stock-index-server listening on port 3000
2023-01-17 10:47:38 [[stock-index-server]] info: stock-index-server listening on port 3000
2023-01-17 10:47:40 [[stock-index-server]] info: stock-index-server listening on port 3000
2023-01-17 10:47:43 [[stock-index-server]] info: stock-index-server listening on port 3000
2023-01-17 10:47:54 [[stock-index-server]] info: stock-index-server listening on port 3000
2023-01-17 10:47:56 [[stock-index-server]] info: stock-index-server listening on port 3000
2023-01-17 10:48:26 [[stock-index-server]] info: stock-index-server listening on port 3000
2023-01-17 10:48:29 [[stock-index-server]] info: stock-index-server listening on port 3000
2023-01-17 10:48:56 [[stock-index-server]] info: stock-index-server listening on port 3000
2023-01-17 10:49:00 [[stock-index-server]] info: stock-index-server listening on port 3000
2023-01-17 10:49:07 [[stock-index-server]] info: stock-index-server listening on port 3000
2023-01-17 10:49:15 [[stock-index-server]] error: Cannot read properties of undefined (reading 'key')
2023-01-17 10:50:32 [[stock-index-server]] info: stock-index-server listening on port 3000
2023-01-17 10:50:32 [[stock-index-server]] error: Cannot read properties of undefined (reading 'key')
2023-01-17 10:50:34 [[stock-index-server]] info: stock-index-server listening on port 3000
2023-01-17 10:50:35 [[stock-index-server]] error: Cannot read properties of undefined (reading 'key')
2023-01-17 10:50:36 [[stock-index-server]] info: stock-index-server listening on port 3000
2023-01-17 10:50:36 [[stock-index-server]] error: Cannot read properties of undefined (reading 'key')
2023-01-17 10:50:37 [[stock-index-server]] info: stock-index-server listening on port 3000
2023-01-17 10:50:41 [[stock-index-server]] info: stock-index-server listening on port 3000
2023-01-17 10:50:42 [[stock-index-server]] error: Cannot read properties of undefined (reading 'key')
2023-01-17 10:50:43 [[stock-index-server]] info: stock-index-server listening on port 3000
2023-01-17 10:50:43 [[stock-index-server]] error: TypeError: Cannot read properties of undefined (reading 'key')(GET /USD)
2023-01-17 10:51:42 [[stock-index-server]] error: TypeError: Cannot read properties of undefined (reading 'key')(GET /DJX)
2023-01-17 10:52:36 [[stock-index-server]] info: stock-index-server listening on port 3000
2023-01-17 10:53:17 [[stock-index-server]] info: stock-index-server listening on port 3000
2023-01-17 10:53:19 [[stock-index-server]] info: stock-index-server listening on port 3000
2023-01-17 10:53:32 [[stock-index-server]] info: stock-index-server listening on port 3000
2023-01-17 10:53:53 [[stock-index-server]] info: stock-index-server listening on port 3000
2023-01-17 10:54:02 [[stock-index-server]] info: stock-index-server listening on port 3000
2023-01-17 10:54:05 [[stock-index-server]] info: stock-index-server listening on port 3000
2023-01-17 10:57:03 [[stock-index-server]] info: stock-index-server listening on port 3000
2023-01-17 10:57:50 [[stock-index-server]] info: stock-index-server listening on port 3000
2023-01-17 10:58:10 [[stock-index-server]] info: stock-index-server listening on port 3000
2023-01-17 10:58:12 [[stock-index-server]] info: stock-index-server listening on port 3000
2023-01-17 10:58:13 [[stock-index-server]] info: stock-index-server listening on port 3000
2023-01-17 10:59:47 [[stock-index-server]] info: stock-index-server listening on port 3000
2023-01-17 10:59:51 [[stock-index-server]] info: stock-index-server listening on port 3000
2023-01-17 11:00:02 [[stock-index-server]] info: stock-index-server listening on port 3000
2023-01-17 11:00:06 [[stock-index-server]] info: stock-index-server listening on port 3000
2023-01-17 11:00:11 [[stock-index-server]] info: stock-index-server listening on port 3000
2023-01-17 11:00:13 [[stock-index-server]] info: stock-index-server listening on port 3000
2023-01-17 11:00:27 [[stock-index-server]] info: stock-index-server listening on port 3000
2023-01-17 11:00:31 [[stock-index-server]] info: stock-index-server listening on port 3000
2023-01-17 11:00:32 [[stock-index-server]] info: stock-index-server listening on port 3000
2023-01-17 11:00:38 [[stock-index-server]] error: ReferenceError: CASH_LIST is not defined(GET /USD)
2023-01-17 11:00:52 [[stock-index-server]] info: stock-index-server listening on port 3000
2023-01-17 11:02:58 [[stock-index-server]] info: stock-index-server listening on port 3000
2023-01-17 11:03:02 [[stock-index-server]] info: stock-index-server listening on port 3000
2023-01-17 11:03:11 [[stock-index-server]] info: stock-index-server listening on port 3000
2023-01-17 11:03:13 [[stock-index-server]] info: stock-index-server listening on port 3000
2023-01-17 11:03:17 [[stock-index-server]] info: stock-index-server listening on port 3000
2023-01-17 11:03:28 [[stock-index-server]] info: stock-index-server listening on port 3000
2023-01-17 11:03:29 [[stock-index-server]] info: stock-index-server listening on port 3000
2023-01-17 11:03:36 [[stock-index-server]] info: stock-index-server listening on port 3000
2023-01-17 11:03:38 [[stock-index-server]] info: stock-index-server listening on port 3000
2023-01-17 11:03:46 [[stock-index-server]] info: stock-index-server listening on port 3000
2023-01-17 11:03:50 [[stock-index-server]] info: stock-index-server listening on port 3000
2023-01-17 11:03:51 [[stock-index-server]] info: stock-index-server listening on port 3000
2023-01-17 11:03:54 [[stock-index-server]] info: stock-index-server listening on port 3000
2023-01-17 11:03:59 [[stock-index-server]] info: stock-index-server listening on port 3000
2023-01-17 11:04:23 [[stock-index-server]] info: stock-index-server listening on port 3000
2023-01-17 11:04:29 [[stock-index-server]] info: stock-index-server listening on port 3000
2023-01-17 11:04:32 [[stock-index-server]] info: stock-index-server listening on port 3000
2023-01-17 11:04:35 [[stock-index-server]] info: stock-index-server listening on port 3000
2023-01-17 11:05:40 [[stock-index-server]] info: stock-index-server listening on port 3000
2023-01-17 11:05:45 [[stock-index-server]] info: stock-index-server listening on port 3000
2023-01-17 11:05:47 [[stock-index-server]] info: stock-index-server listening on port 3000
2023-01-17 11:05:52 [[stock-index-server]] info: stock-index-server listening on port 3000
2023-01-17 11:05:57 [[stock-index-server]] info: stock-index-server listening on port 3000
2023-01-17 11:06:01 [[stock-index-server]] info: stock-index-server listening on port 3000
2023-01-17 11:06:05 [[stock-index-server]] info: stock-index-server listening on port 3000
2023-01-17 11:06:32 [[stock-index-server]] info: stock-index-server listening on port 3000
2023-01-17 11:06:45 [[stock-index-server]] info: stock-index-server listening on port 3000
2023-01-17 11:06:58 [[stock-index-server]] info: stock-index-server listening on port 3000
2023-01-17 11:07:00 [[stock-index-server]] info: stock-index-server listening on port 3000
2023-01-17 11:07:02 [[stock-index-server]] info: stock-index-server listening on port 3000
2023-01-17 11:07:04 [[stock-index-server]] info: stock-index-server listening on port 3000
2023-01-17 11:07:45 [[stock-index-server]] info: stock-index-server listening on port 3000
2023-01-17 11:07:47 [[stock-index-server]] error: Error: krw route not found(GET /krw/)
2023-01-17 11:08:11 [[stock-index-server]] error: Error: krw route not found(GET /krw/)
2023-01-17 11:08:39 [[stock-index-server]] info: stock-index-server listening on port 3000
2023-01-17 11:08:42 [[stock-index-server]] info: stock-index-server listening on port 3000
2023-01-17 11:09:02 [[stock-index-server]] info: stock-index-server listening on port 3000
2023-01-17 11:09:03 [[stock-index-server]] info: stock-index-server listening on port 3000
2023-01-17 11:09:08 [[stock-index-server]] info: stock-index-server listening on port 3000
2023-01-17 11:09:15 [[stock-index-server]] info: stock-index-server listening on port 3000
2023-01-17 11:10:06 [[stock-index-server]] error: Error: krw route not found(GET /krw/)
2023-01-17 11:10:51 [[stock-index-server]] info: stock-index-server listening on port 3000
2023-01-17 11:10:51 [[stock-index-server]] error: Error: krw route not found(GET /krw/)
2023-01-17 11:11:05 [[stock-index-server]] info: stock-index-server listening on port 3000
2023-01-17 11:11:06 [[stock-index-server]] error: Error: krw route not found(GET /krw/)
2023-01-17 11:11:14 [[stock-index-server]] error: Error: krw route not found(GET /krw/)
2023-01-17 11:11:27 [[stock-index-server]] info: stock-index-server listening on port 3000
2023-01-17 11:11:27 [[stock-index-server]] error: Error: krw route not found(GET /krw/)
2023-01-17 11:11:48 [[stock-index-server]] info: stock-index-server listening on port 3000
2023-01-17 11:11:50 [[stock-index-server]] info: stock-index-server listening on port 3000
2023-01-17 11:11:51 [[stock-index-server]] info: stock-index-server listening on port 3000
2023-01-17 11:12:04 [[stock-index-server]] error: Error: krw route not found(GET /krw/)
2023-01-17 11:12:11 [[stock-index-server]] info: stock-index-server listening on port 3000
2023-01-17 11:12:16 [[stock-index-server]] info: stock-index-server listening on port 3000
2023-01-17 11:13:21 [[stock-index-server]] info: stock-index-server listening on port 3000
2023-01-17 11:13:31 [[stock-index-server]] info: stock-index-server listening on port 3000
2023-01-17 11:13:39 [[stock-index-server]] info: stock-index-server listening on port 3000
2023-01-17 11:13:50 [[stock-index-server]] info: stock-index-server listening on port 3000
2023-01-17 11:13:51 [[stock-index-server]] info: stock-index-server listening on port 3000
2023-01-17 11:13:53 [[stock-index-server]] error: Error: krw route not found(GET /krw/)
2023-01-17 11:13:54 [[stock-index-server]] error: Error: krw route not found(GET /krw/)
2023-01-17 11:14:06 [[stock-index-server]] info: stock-index-server listening on port 3000
2023-01-17 11:14:14 [[stock-index-server]] info: stock-index-server listening on port 3000
2023-01-17 11:14:15 [[stock-index-server]] error: Error: krw route not found(GET /krw/)
2023-01-17 11:14:50 [[stock-index-server]] info: stock-index-server listening on port 3000
2023-01-17 11:15:09 [[stock-index-server]] info: stock-index-server listening on port 3000
2023-01-17 11:15:10 [[stock-index-server]] info: stock-index-server listening on port 3000
2023-01-17 11:15:12 [[stock-index-server]] info: stock-index-server listening on port 3000
2023-01-17 11:15:18 [[stock-index-server]] info: stock-index-server listening on port 3000
2023-01-17 11:15:21 [[stock-index-server]] info: stock-index-server listening on port 3000
2023-01-17 11:16:00 [[stock-index-server]] info: stock-index-server listening on port 3000
2023-01-17 11:16:02 [[stock-index-server]] info: stock-index-server listening on port 3000
2023-01-17 11:16:04 [[stock-index-server]] info: stock-index-server listening on port 3000
2023-01-17 11:16:27 [[stock-index-server]] info: stock-index-server listening on port 3000
2023-01-17 11:16:35 [[stock-index-server]] info: stock-index-server listening on port 3000
2023-01-17 11:16:39 [[stock-index-server]] info: stock-index-server listening on port 3000
2023-01-17 11:21:39 [[stock-index-server]] info: stock-index-server listening on port 3000
2023-01-17 11:22:32 [[stock-index-server]] info: stock-index-server listening on port 3000
2023-01-17 11:22:39 [[stock-index-server]] error: Error: asdf route not found(GET /asdf)
2023-01-17 11:23:20 [[stock-index-server]] info: stock-index-server listening on port 3000
2023-01-17 11:24:30 [[stock-index-server]] info: stock-index-server listening on port 3000
2023-01-17 11:24:51 [[stock-index-server]] info: stock-index-server listening on port 3000
2023-01-17 11:24:59 [[stock-index-server]] info: stock-index-server listening on port 3000
2023-01-17 11:25:02 [[stock-index-server]] info: stock-index-server listening on port 3000
2023-01-17 11:25:14 [[stock-index-server]] info: stock-index-server listening on port 3000
2023-01-17 11:25:15 [[stock-index-server]] info: stock-index-server listening on port 3000
2023-01-17 11:25:20 [[stock-index-server]] info: stock-index-server listening on port 3000
2023-01-17 11:25:22 [[stock-index-server]] info: stock-index-server listening on port 3000
2023-01-17 11:25:36 [[stock-index-server]] info: stock-index-server listening on port 3000
2023-01-17 11:25:38 [[stock-index-server]] info: stock-index-server listening on port 3000
2023-01-17 11:25:40 [[stock-index-server]] info: stock-index-server listening on port 3000
2023-01-17 11:25:42 [[stock-index-server]] info: stock-index-server listening on port 3000
2023-01-17 11:25:46 [[stock-index-server]] info: stock-index-server listening on port 3000
2023-01-17 11:25:58 [[stock-index-server]] info: stock-index-server listening on port 3000
2023-01-17 11:26:14 [[stock-index-server]] info: stock-index-server listening on port 3000
2023-01-17 11:26:16 [[stock-index-server]] info: stock-index-server listening on port 3000
2023-01-17 11:26:19 [[stock-index-server]] info: stock-index-server listening on port 3000
2023-01-17 11:26:22 [[stock-index-server]] info: stock-index-server listening on port 3000
2023-01-17 11:26:23 [[stock-index-server]] info: stock-index-server listening on port 3000
2023-01-17 11:26:26 [[stock-index-server]] info: stock-index-server listening on port 3000
2023-01-17 11:26:27 [[stock-index-server]] info: stock-index-server listening on port 3000
2023-01-17 11:26:33 [[stock-index-server]] info: stock-index-server listening on port 3000
2023-01-17 11:26:36 [[stock-index-server]] info: stock-index-server listening on port 3000
2023-01-17 11:26:39 [[stock-index-server]] info: stock-index-server listening on port 3000
2023-01-17 11:26:44 [[stock-index-server]] info: stock-index-server listening on port 3000
2023-01-17 11:26:51 [[stock-index-server]] info: stock-index-server listening on port 3000
2023-01-17 11:26:52 [[stock-index-server]] info: stock-index-server listening on port 3000
2023-01-17 11:27:36 [[stock-index-server]] info: stock-index-server listening on port 3000
2023-01-17 11:27:37 [[stock-index-server]] info: stock-index-server listening on port 3000
2023-01-17 11:27:53 [[stock-index-server]] info: stock-index-server listening on port 3000
2023-01-17 11:27:54 [[stock-index-server]] info: stock-index-server listening on port 3000
2023-01-17 11:27:57 [[stock-index-server]] info: stock-index-server listening on port 3000
2023-01-17 11:27:59 [[stock-index-server]] info: stock-index-server listening on port 3000
2023-01-17 11:28:09 [[stock-index-server]] info: stock-index-server listening on port 3000
2023-01-17 11:29:09 [[stock-index-server]] info: stock-index-server listening on port 3000
2023-01-17 11:29:13 [[stock-index-server]] info: stock-index-server listening on port 3000
2023-01-17 11:29:18 [[stock-index-server]] info: stock-index-server listening on port 3000
2023-01-17 11:29:52 [[stock-index-server]] info: stock-index-server listening on port 3000
2023-01-17 11:29:59 [[stock-index-server]] info: stock-index-server listening on port 3000
2023-01-17 11:30:02 [[stock-index-server]] info: stock-index-server listening on port 3000
2023-01-17 11:30:06 [[stock-index-server]] info: stock-index-server listening on port 3000
2023-01-17 11:30:09 [[stock-index-server]] info: stock-index-server listening on port 3000
2023-01-17 11:30:14 [[stock-index-server]] info: stock-index-server listening on port 3000
2023-01-17 11:30:26 [[stock-index-server]] info: stock-index-server listening on port 3000
2023-01-17 11:30:35 [[stock-index-server]] info: stock-index-server listening on port 3000
2023-01-17 11:30:50 [[stock-index-server]] info: stock-index-server listening on port 3000
2023-01-17 11:31:07 [[stock-index-server]] info: stock-index-server listening on port 3000
2023-01-17 11:31:09 [[stock-index-server]] info: stock-index-server listening on port 3000
2023-01-17 11:31:25 [[stock-index-server]] info: stock-index-server listening on port 3000
2023-01-17 11:31:32 [[stock-index-server]] info: stock-index-server listening on port 3000
2023-01-17 11:31:33 [[stock-index-server]] info: stock-index-server listening on port 3000
2023-01-17 11:31:35 [[stock-index-server]] info: stock-index-server listening on port 3000
2023-01-17 11:46:34 [[stock-index-server]] info: stock-index-server listening on port 3000
2023-01-17 11:49:44 [[stock-index-server]] info: stock-index-server listening on port 3000
2023-01-17 11:49:55 [[stock-index-server]] info: stock-index-server listening on port 3000
2023-01-17 11:50:21 [[stock-index-server]] info: stock-index-server listening on port 3000
2023-01-17 11:50:26 [[stock-index-server]] info: stock-index-server listening on port 3000
2023-01-17 11:50:27 [[stock-index-server]] info: stock-index-server listening on port 3000
2023-01-17 11:50:30 [[stock-index-server]] info: stock-index-server listening on port 3000
2023-01-17 11:51:30 [[stock-index-server]] info: stock-index-server listening on port 3000
2023-01-17 11:51:31 [[stock-index-server]] info: stock-index-server listening on port 3000
2023-01-17 11:51:38 [[stock-index-server]] info: stock-index-server listening on port 3000
2023-01-17 11:51:39 [[stock-index-server]] info: stock-index-server listening on port 3000
2023-01-17 11:51:41 [[stock-index-server]] info: stock-index-server listening on port 3000
2023-01-17 11:51:44 [[stock-index-server]] info: stock-index-server listening on port 3000
2023-01-17 11:51:49 [[stock-index-server]] info: stock-index-server listening on port 3000
2023-01-17 11:51:51 [[stock-index-server]] info: stock-index-server listening on port 3000
2023-01-17 11:51:53 [[stock-index-server]] info: stock-index-server listening on port 3000
2023-01-17 11:52:19 [[stock-index-server]] info: stock-index-server listening on port 3000
2023-01-17 11:52:21 [[stock-index-server]] info: stock-index-server listening on port 3000
2023-01-17 11:52:28 [[stock-index-server]] info: stock-index-server listening on port 3000
2023-01-17 11:52:30 [[stock-index-server]] info: stock-index-server listening on port 3000
2023-01-17 11:52:46 [[stock-index-server]] info: stock-index-server listening on port 3000
2023-01-17 11:53:28 [[stock-index-server]] info: stock-index-server listening on port 3000
2023-01-17 11:53:35 [[stock-index-server]] info: stock-index-server listening on port 3000
2023-01-17 11:53:41 [[stock-index-server]] info: stock-index-server listening on port 3000
2023-01-17 11:54:27 [[stock-index-server]] info: stock-index-server listening on port 3000
2023-01-17 11:54:32 [[stock-index-server]] info: stock-index-server listening on port 3000
2023-01-17 11:54:37 [[stock-index-server]] info: stock-index-server listening on port 3000
2023-01-17 11:54:38 [[stock-index-server]] info: stock-index-server listening on port 3000
2023-01-17 11:54:45 [[stock-index-server]] info: stock-index-server listening on port 3000
2023-01-17 11:54:49 [[stock-index-server]] info: stock-index-server listening on port 3000
2023-01-17 11:55:14 [[stock-index-server]] info: stock-index-server listening on port 3000
2023-01-17 11:55:16 [[stock-index-server]] info: stock-index-server listening on port 3000
2023-01-17 11:55:37 [[stock-index-server]] info: stock-index-server listening on port 3000
2023-01-17 11:55:46 [[stock-index-server]] error: Error: 엍 route not found(GET /%EC%97%8D/123)
2023-01-17 11:55:52 [[stock-index-server]] error: ReferenceError: g_index is not defined(GET /DJX/123)
2023-01-17 11:56:02 [[stock-index-server]] error: ReferenceError: g_index is not defined(GET /DJX)
2023-01-17 11:57:08 [[stock-index-server]] info: stock-index-server listening on port 3000
2023-01-17 11:57:11 [[stock-index-server]] error: ReferenceError: g_index is not defined(GET /DJX)
2023-01-17 11:57:58 [[stock-index-server]] info: stock-index-server listening on port 3000
2023-01-17 11:58:16 [[stock-index-server]] info: stock-index-server listening on port 3000
2023-01-17 11:58:17 [[stock-index-server]] info: stock-index-server listening on port 3000
2023-01-17 11:58:35 [[stock-index-server]] info: stock-index-server listening on port 3000
2023-01-17 11:58:51 [[stock-index-server]] info: stock-index-server listening on port 3000
2023-01-17 11:58:55 [[stock-index-server]] info: stock-index-server listening on port 3000
2023-01-17 11:59:00 [[stock-index-server]] info: stock-index-server listening on port 3000
2023-01-17 11:59:02 [[stock-index-server]] info: stock-index-server listening on port 3000
2023-01-17 11:59:07 [[stock-index-server]] info: stock-index-server listening on port 3000
2023-01-17 11:59:09 [[stock-index-server]] info: stock-index-server listening on port 3000
2023-01-17 11:59:12 [[stock-index-server]] info: stock-index-server listening on port 3000
2023-01-17 11:59:43 [[stock-index-server]] error: Error: 123 format is wrong(GET /DJX/123)
2023-01-17 12:00:39 [[stock-index-server]] info: stock-index-server listening on port 3000
2023-01-17 12:00:45 [[stock-index-server]] info: stock-index-server listening on port 3000
2023-01-17 12:00:47 [[stock-index-server]] info: stock-index-server listening on port 3000
2023-01-17 12:00:48 [[stock-index-server]] info: stock-index-server listening on port 3000
2023-01-17 12:00:50 [[stock-index-server]] info: stock-index-server listening on port 3000
2023-01-17 12:00:54 [[stock-index-server]] error: Error: 123 format is wrong(GET /DJX/123)
2023-01-17 12:01:09 [[stock-index-server]] error: Error: 123 format is wrong(GET /DJX/123)
2023-01-17 12:06:37 [[stock-index-server]] info: stock-index-server listening on port 3000
2023-01-17 12:06:40 [[stock-index-server]] info: stock-index-server listening on port 3000
2023-01-17 12:06:43 [[stock-index-server]] info: stock-index-server listening on port 3000
2023-01-17 12:06:48 [[stock-index-server]] info: stock-index-server listening on port 3000
2023-01-17 12:06:49 [[stock-index-server]] info: stock-index-server listening on port 3000
2023-01-17 12:07:18 [[stock-index-server]] info: stock-index-server listening on port 3000
2023-01-17 12:07:20 [[stock-index-server]] info: stock-index-server listening on port 3000
2023-01-17 12:07:26 [[stock-index-server]] info: stock-index-server listening on port 3000
2023-01-17 12:07:36 [[stock-index-server]] info: stock-index-server listening on port 3000
2023-01-17 12:07:43 [[stock-index-server]] info: stock-index-server listening on port 3000
2023-01-17 12:08:01 [[stock-index-server]] info: stock-index-server listening on port 3000
2023-01-17 12:09:09 [[stock-index-server]] info: stock-index-server listening on port 3000
2023-01-17 12:09:14 [[stock-index-server]] info: stock-index-server listening on port 3000
2023-01-17 12:09:17 [[stock-index-server]] info: stock-index-server listening on port 3000
2023-01-17 12:09:34 [[stock-index-server]] info: stock-index-server listening on port 3000
2023-01-17 12:09:35 [[stock-index-server]] info: stock-index-server listening on port 3000
2023-01-17 12:09:46 [[stock-index-server]] info: stock-index-server listening on port 3000
2023-01-17 12:09:50 [[stock-index-server]] info: stock-index-server listening on port 3000
2023-01-17 12:11:08 [[stock-index-server]] info: stock-index-server listening on port 3000
2023-01-17 12:11:17 [[stock-index-server]] info: stock-index-server listening on port 3000
2023-01-17 12:11:49 [[stock-index-server]] info: stock-index-server listening on port 3000
2023-01-17 12:12:02 [[stock-index-server]] info: stock-index-server listening on port 3000
2023-01-17 12:12:09 [[stock-index-server]] info: stock-index-server listening on port 3000
2023-01-17 12:12:16 [[stock-index-server]] info: stock-index-server listening on port 3000
2023-01-17 12:12:19 [[stock-index-server]] info: stock-index-server listening on port 3000
2023-01-17 12:12:25 [[stock-index-server]] info: stock-index-server listening on port 3000
2023-01-17 12:12:29 [[stock-index-server]] info: stock-index-server listening on port 3000
2023-01-17 12:12:41 [[stock-index-server]] info: stock-index-server listening on port 3000
2023-01-17 12:12:44 [[stock-index-server]] info: stock-index-server listening on port 3000
2023-01-17 12:13:27 [[stock-index-server]] info: stock-index-server listening on port 3000
2023-01-17 12:13:29 [[stock-index-server]] info: stock-index-server listening on port 3000
2023-01-17 12:13:38 [[stock-index-server]] info: stock-index-server listening on port 3000
2023-01-17 12:13:46 [[stock-index-server]] info: stock-index-server listening on port 3000
2023-01-17 12:13:51 [[stock-index-server]] info: stock-index-server listening on port 3000
2023-01-17 12:13:58 [[stock-index-server]] info: stock-index-server listening on port 3000
2023-01-17 12:13:59 [[stock-index-server]] info: stock-index-server listening on port 3000
2023-01-17 12:14:03 [[stock-index-server]] info: stock-index-server listening on port 3000
2023-01-17 12:14:05 [[stock-index-server]] info: stock-index-server listening on port 3000
2023-01-17 12:14:12 [[stock-index-server]] info: stock-index-server listening on port 3000
2023-01-17 12:14:15 [[stock-index-server]] info: stock-index-server listening on port 3000
2023-01-17 12:14:19 [[stock-index-server]] info: stock-index-server listening on port 3000
2023-01-17 12:14:20 [[stock-index-server]] info: stock-index-server listening on port 3000
2023-01-17 12:15:02 [[stock-index-server]] info: stock-index-server listening on port 3000
2023-01-17 12:15:03 [[stock-index-server]] info: stock-index-server listening on port 3000
2023-01-17 12:15:04 [[stock-index-server]] info: stock-index-server listening on port 3000
2023-01-17 12:15:13 [[stock-index-server]] info: stock-index-server listening on port 3000
2023-01-17 12:15:26 [[stock-index-server]] info: stock-index-server listening on port 3000
2023-01-17 12:15:39 [[stock-index-server]] info: stock-index-server listening on port 3000
2023-01-17 12:15:46 [[stock-index-server]] info: stock-index-server listening on port 3000
2023-01-17 12:15:53 [[stock-index-server]] info: stock-index-server listening on port 3000
2023-01-17 12:16:03 [[stock-index-server]] info: stock-index-server listening on port 3000
2023-01-17 12:16:05 [[stock-index-server]] info: stock-index-server listening on port 3000
2023-01-17 12:16:57 [[stock-index-server]] info: stock-index-server listening on port 3000
2023-01-17 12:17:02 [[stock-index-server]] info: stock-index-server listening on port 3000
2023-01-17 12:17:41 [[stock-index-server]] info: stock-index-server listening on port 3000
2023-01-17 12:17:42 [[stock-index-server]] info: stock-index-server listening on port 3000
2023-01-17 12:17:44 [[stock-index-server]] info: stock-index-server listening on port 3000
2023-01-17 12:18:07 [[stock-index-server]] info: stock-index-server listening on port 3000
2023-01-17 12:18:46 [[stock-index-server]] info: stock-index-server listening on port 3000
2023-01-17 12:18:57 [[stock-index-server]] info: stock-index-server listening on port 3000
2023-01-17 12:18:59 [[stock-index-server]] info: stock-index-server listening on port 3000
2023-01-17 12:19:02 [[stock-index-server]] info: stock-index-server listening on port 3000
2023-01-17 12:19:05 [[stock-index-server]] info: stock-index-server listening on port 3000
2023-01-17 12:19:09 [[stock-index-server]] info: stock-index-server listening on port 3000
2023-01-17 12:19:12 [[stock-index-server]] info: stock-index-server listening on port 3000
2023-01-17 12:19:14 [[stock-index-server]] info: stock-index-server listening on port 3000
2023-01-17 12:19:17 [[stock-index-server]] info: stock-index-server listening on port 3000
2023-01-17 12:19:20 [[stock-index-server]] info: stock-index-server listening on port 3000
2023-01-17 12:19:23 [[stock-index-server]] info: stock-index-server listening on port 3000
2023-01-17 12:19:31 [[stock-index-server]] info: stock-index-server listening on port 3000
2023-01-17 12:19:32 [[stock-index-server]] info: stock-index-server listening on port 3000
2023-01-17 12:20:00 [[stock-index-server]] info: stock-index-server listening on port 3000
2023-01-17 12:20:01 [[stock-index-server]] info: stock-index-server listening on port 3000
2023-01-17 12:21:13 [[stock-index-server]] info: stock-index-server listening on port 3000
2023-01-17 12:21:24 [[stock-index-server]] info: stock-index-server listening on port 3000
2023-01-17 12:21:27 [[stock-index-server]] info: stock-index-server listening on port 3000
2023-01-17 12:21:30 [[stock-index-server]] info: stock-index-server listening on port 3000
2023-01-17 12:21:33 [[stock-index-server]] info: stock-index-server listening on port 3000
2023-01-17 12:21:35 [[stock-index-server]] info: stock-index-server listening on port 3000
2023-01-17 12:21:39 [[stock-index-server]] info: stock-index-server listening on port 3000
2023-01-17 12:23:00 [[stock-index-server]] info: stock-index-server listening on port 3000
2023-01-17 12:23:05 [[stock-index-server]] info: stock-index-server listening on port 3000
2023-01-17 12:23:06 [[stock-index-server]] info: stock-index-server listening on port 3000
2023-01-17 12:23:12 [[stock-index-server]] error: Error: 123 format is wrong(GET /DJX/123)
2023-01-17 12:26:14 [[stock-index-server]] info: stock-index-server listening on port 3000
2023-01-17 12:26:20 [[stock-index-server]] info: stock-index-server listening on port 3000
2023-01-17 12:26:29 [[stock-index-server]] info: stock-index-server listening on port 3000
2023-01-17 12:26:40 [[stock-index-server]] info: stock-index-server listening on port 3000
2023-01-17 13:47:30 [[stock-index-server]] info: stock-index-server listening on port 3000
2023-01-17 13:47:32 [[stock-index-server]] info: stock-index-server listening on port 3000
2023-01-17 13:47:49 [[stock-index-server]] info: stock-index-server listening on port 3000
2023-01-17 13:48:01 [[stock-index-server]] info: stock-index-server listening on port 3000
2023-01-17 13:48:05 [[stock-index-server]] info: stock-index-server listening on port 3000
2023-01-17 13:48:41 [[stock-index-server]] info: stock-index-server listening on port 3000
2023-01-17 13:48:45 [[stock-index-server]] info: stock-index-server listening on port 3000
2023-01-17 13:48:50 [[stock-index-server]] info: stock-index-server listening on port 3000
2023-01-17 13:49:07 [[stock-index-server]] info: stock-index-server listening on port 3000
2023-01-17 13:49:46 [[stock-index-server]] info: stock-index-server listening on port 3000
2023-01-17 13:50:02 [[stock-index-server]] error: TypeError: Cannot read properties of null (reading 'f')(GET /USD/20230101-20230117)
2023-01-17 13:50:27 [[stock-index-server]] error: TypeError: Cannot read properties of null (reading 'f')(GET /USD/)
2023-01-17 13:50:53 [[stock-index-server]] info: stock-index-server listening on port 3000
2023-01-17 13:50:56 [[stock-index-server]] info: stock-index-server listening on port 3000
2023-01-17 13:50:59 [[stock-index-server]] info: stock-index-server listening on port 3000
2023-01-17 13:51:01 [[stock-index-server]] error: TypeError: Cannot read properties of null (reading 'f')(GET /USD/)
2023-01-17 13:51:39 [[stock-index-server]] info: stock-index-server listening on port 3000
2023-01-17 13:51:42 [[stock-index-server]] info: stock-index-server listening on port 3000
2023-01-17 13:51:44 [[stock-index-server]] error: TypeError: Cannot read properties of undefined (reading 'trim')(GET /USD/)
2023-01-17 13:52:09 [[stock-index-server]] info: stock-index-server listening on port 3000
2023-01-17 13:52:51 [[stock-index-server]] info: stock-index-server listening on port 3000
2023-01-17 13:53:54 [[stock-index-server]] info: stock-index-server listening on port 3000
2023-01-17 13:54:46 [[stock-index-server]] info: stock-index-server listening on port 3000
2023-01-17 13:59:29 [[stock-index-server]] info: stock-index-server listening on port 3000
2023-01-17 13:59:36 [[stock-index-server]] info: stock-index-server listening on port 3000
2023-01-17 13:59:37 [[stock-index-server]] info: stock-index-server listening on port 3000
2023-01-17 13:59:42 [[stock-index-server]] info: stock-index-server listening on port 3000
2023-01-17 13:59:47 [[stock-index-server]] info: stock-index-server listening on port 3000
2023-01-17 13:59:50 [[stock-index-server]] info: stock-index-server listening on port 3000
2023-01-17 13:59:58 [[stock-index-server]] info: stock-index-server listening on port 3000
2023-01-17 14:00:01 [[stock-index-server]] info: stock-index-server listening on port 3000
2023-01-17 14:00:03 [[stock-index-server]] info: stock-index-server listening on port 3000
2023-01-17 14:00:11 [[stock-index-server]] info: stock-index-server listening on port 3000
2023-01-17 14:00:17 [[stock-index-server]] info: stock-index-server listening on port 3000
2023-01-17 14:00:20 [[stock-index-server]] info: stock-index-server listening on port 3000
2023-01-17 14:00:24 [[stock-index-server]] info: stock-index-server listening on port 3000
2023-01-17 14:00:37 [[stock-index-server]] info: stock-index-server listening on port 3000
2023-01-17 14:00:42 [[stock-index-server]] info: stock-index-server listening on port 3000
2023-01-17 14:00:51 [[stock-index-server]] info: stock-index-server listening on port 3000
2023-01-17 14:01:00 [[stock-index-server]] info: stock-index-server listening on port 3000
2023-01-17 14:01:01 [[stock-index-server]] info: stock-index-server listening on port 3000
2023-01-17 14:01:09 [[stock-index-server]] info: stock-index-server listening on port 3000
2023-01-17 14:01:11 [[stock-index-server]] info: stock-index-server listening on port 3000
2023-01-17 14:01:14 [[stock-index-server]] info: stock-index-server listening on port 3000
2023-01-17 14:01:31 [[stock-index-server]] info: stock-index-server listening on port 3000
2023-01-17 14:01:41 [[stock-index-server]] info: stock-index-server listening on port 3000
2023-01-17 14:01:43 [[stock-index-server]] info: stock-index-server listening on port 3000
2023-01-17 14:01:45 [[stock-index-server]] info: stock-index-server listening on port 3000
2023-01-17 14:01:46 [[stock-index-server]] info: stock-index-server listening on port 3000
2023-01-17 14:01:48 [[stock-index-server]] info: stock-index-server listening on port 3000
2023-01-17 14:01:50 [[stock-index-server]] info: stock-index-server listening on port 3000
2023-01-17 14:01:51 [[stock-index-server]] info: stock-index-server listening on port 3000
2023-01-17 14:02:29 [[stock-index-server]] info: stock-index-server listening on port 3000
2023-01-17 14:02:39 [[stock-index-server]] info: stock-index-server listening on port 3000
2023-01-17 14:02:42 [[stock-index-server]] info: stock-index-server listening on port 3000
2023-01-17 14:02:58 [[stock-index-server]] info: stock-index-server listening on port 3000
2023-01-17 14:02:59 [[stock-index-server]] info: stock-index-server listening on port 3000
2023-01-17 14:03:48 [[stock-index-server]] info: stock-index-server listening on port 3000
2023-01-17 14:03:51 [[stock-index-server]] info: stock-index-server listening on port 3000
2023-01-17 14:03:55 [[stock-index-server]] info: stock-index-server listening on port 3000
2023-01-17 14:03:57 [[stock-index-server]] info: stock-index-server listening on port 3000
2023-01-17 14:04:00 [[stock-index-server]] info: stock-index-server listening on port 3000
2023-01-17 14:04:01 [[stock-index-server]] info: stock-index-server listening on port 3000
2023-01-17 14:04:13 [[stock-index-server]] info: stock-index-server listening on port 3000
2023-01-17 14:04:15 [[stock-index-server]] info: stock-index-server listening on port 3000
2023-01-17 14:04:16 [[stock-index-server]] info: stock-index-server listening on port 3000
2023-01-17 14:04:22 [[stock-index-server]] info: GET /
2023-01-17 14:04:27 [[stock-index-server]] info: GET /api
2023-01-17 14:05:34 [[stock-index-server]] info: GET /test1
2023-01-17 14:05:34 [[stock-index-server]] error: Error: TEST1 route not found(GET /test1)
2023-01-17 14:05:43 [[stock-index-server]] info: GET /GBP
2023-01-17 14:05:47 [[stock-index-server]] error: TypeError: Cannot read properties of null (reading 'f')(GET /GBP)
2023-01-17 14:06:23 [[stock-index-server]] info: stock-index-server listening on port 3000
2023-01-17 14:06:24 [[stock-index-server]] info: GET /GBP
2023-01-17 14:06:48 [[stock-index-server]] info: stock-index-server listening on port 3000
2023-01-17 14:06:50 [[stock-index-server]] info: stock-index-server listening on port 3000
2023-01-17 14:06:50 [[stock-index-server]] info: GET /GBP
2023-01-17 14:06:55 [[stock-index-server]] info: GET /USD
2023-01-17 14:07:56 [[stock-index-server]] info: stock-index-server listening on port 3000
2023-01-17 14:07:57 [[stock-index-server]] info: GET /USD
2023-01-17 14:08:07 [[stock-index-server]] info: GET /DJX
2023-01-17 14:08:14 [[stock-index-server]] info: GET /NASDAQ
2023-01-17 14:08:18 [[stock-index-server]] info: GET /SP
2023-01-17 14:08:27 [[stock-index-server]] info: GET /KOSPI
2023-01-17 14:08:39 [[stock-index-server]] info: GET /jpy
2023-01-17 14:08:44 [[stock-index-server]] info: GET /gbp
2023-01-17 14:08:47 [[stock-index-server]] info: GET /brl
2023-01-17 14:11:56 [[stock-index-server]] info: GET /brl
2023-01-17 14:12:00 [[stock-index-server]] info: GET /USD
2023-01-17 14:13:12 [[stock-index-server]] info: stock-index-server listening on port 3000
2023-01-17 14:13:18 [[stock-index-server]] info: stock-index-server listening on port 3000
2023-01-17 14:13:20 [[stock-index-server]] info: stock-index-server listening on port 3000
2023-01-17 14:13:22 [[stock-index-server]] info: stock-index-server listening on port 3000
2023-01-17 14:13:22 [[stock-index-server]] info: stock-index-server listening on port 3000
2023-01-17 14:13:34 [[stock-index-server]] info: stock-index-server listening on port 3000
2023-01-17 14:13:39 [[stock-index-server]] info: stock-index-server listening on port 3000
2023-01-17 14:13:40 [[stock-index-server]] info: GET /USD
2023-01-17 14:13:41 [[stock-index-server]] error: TypeError: Cannot read properties of undefined (reading 'split')(GET /USD)
2023-01-17 14:14:00 [[stock-index-server]] info: stock-index-server listening on port 3000
2023-01-17 14:14:05 [[stock-index-server]] info: GET /USD
2023-01-17 14:14:05 [[stock-index-server]] error: TypeError: string.split is not a function(GET /USD)
2023-01-17 14:14:22 [[stock-index-server]] info: stock-index-server listening on port 3000
2023-01-17 14:14:28 [[stock-index-server]] info: stock-index-server listening on port 3000
2023-01-17 14:14:29 [[stock-index-server]] info: stock-index-server listening on port 3000
2023-01-17 14:14:33 [[stock-index-server]] info: GET /USD
2023-01-17 14:14:44 [[stock-index-server]] info: GET /GBP
2023-01-17 14:15:02 [[stock-index-server]] info: stock-index-server listening on port 3000
2023-01-17 14:15:10 [[stock-index-server]] info: stock-index-server listening on port 3000
2023-01-17 14:15:12 [[stock-index-server]] info: stock-index-server listening on port 3000
2023-01-17 14:15:15 [[stock-index-server]] info: stock-index-server listening on port 3000
2023-01-17 14:15:16 [[stock-index-server]] info: GET /GBP
2023-01-17 14:15:22 [[stock-index-server]] info: GET /sp
2023-01-17 14:15:56 [[stock-index-server]] info: GET /sp
2023-01-17 14:16:03 [[stock-index-server]] info: GET /jpy
2023-01-17 14:16:08 [[stock-index-server]] info: GET /jpy
2023-01-17 14:16:10 [[stock-index-server]] info: GET /jpy
2023-01-17 14:16:20 [[stock-index-server]] info: GET /brl
2023-01-17 14:19:52 [[stock-index-server]] info: GET /brl
2023-01-17 14:20:04 [[stock-index-server]] info: GET /brl/20230101-20230130
2023-01-17 14:20:08 [[stock-index-server]] info: GET /sp
2023-01-17 14:20:49 [[stock-index-server]] info: stock-index-server listening on port 3000
2023-01-17 14:20:50 [[stock-index-server]] info: GET /sp
2023-01-17 14:20:51 [[stock-index-server]] info: @google sheet status : 
2023-01-17 14:21:47 [undefined] info: stock-index-server listening on port 3000
2023-01-17 14:22:03 [undefined] info: stock-index-server listening on port 3000
2023-01-17 14:22:17 info: stock-index-server listening on port 3000
2023-01-17 14:22:19 info: stock-index-server listening on port 3000
2023-01-17 14:22:33 info: GET /sp
2023-01-17 14:22:34 info: @google sheet status : 
2023-01-17 14:22:42 info: GET /USD
2023-01-17 14:22:43 info: @google sheet status : 
2023-01-17 14:33:42 info: GET /USD
2023-01-17 14:33:46 info: @google sheet status : 
2023-01-17 14:33:46 info: GET /녜
2023-01-17 14:33:46 error: Error: 녜 route not found(GET /%EB%85%9C)
2023-01-17 14:33:50 info: GET /SP
2023-01-17 14:33:51 info: @google sheet status : 
2023-01-17 14:35:03 info: stock-index-server listening on port 3000
2023-01-17 14:38:54 info: stock-index-server listening on port 3000
2023-01-17 14:39:09 info: stock-index-server listening on port 3000
2023-01-17 14:39:11 info: stock-index-server listening on port 3000
2023-01-17 14:39:14 info: stock-index-server listening on port 3000
2023-01-17 14:39:17 info: stock-index-server listening on port 3000
2023-01-17 14:39:23 info: stock-index-server listening on port 3000
2023-01-17 14:39:30 info: stock-index-server listening on port 3000
2023-01-17 14:39:38 info: stock-index-server listening on port 3000
2023-01-17 14:39:44 info: stock-index-server listening on port 3000
2023-01-17 14:39:47 info: stock-index-server listening on port 3000
2023-01-17 14:39:50 info: stock-index-server listening on port 3000
2023-01-17 14:39:56 info: stock-index-server listening on port 3000
2023-01-17 14:40:00 info: stock-index-server listening on port 3000
2023-01-17 14:40:07 info: stock-index-server listening on port 3000
2023-01-17 14:40:09 info: stock-index-server listening on port 3000
2023-01-17 14:40:11 info: stock-index-server listening on port 3000
2023-01-17 14:40:16 info: stock-index-server listening on port 3000
2023-01-17 14:40:22 info: stock-index-server listening on port 3000
2023-01-17 14:40:26 info: stock-index-server listening on port 3000
2023-01-17 14:40:29 info: stock-index-server listening on port 3000
2023-01-17 14:40:35 info: stock-index-server listening on port 3000
2023-01-17 14:40:38 info: stock-index-server listening on port 3000
2023-01-17 14:40:40 info: stock-index-server listening on port 3000
2023-01-17 14:40:45 info: stock-index-server listening on port 3000
2023-01-17 14:40:52 info: stock-index-server listening on port 3000
2023-01-17 14:40:55 info: stock-index-server listening on port 3000
2023-01-17 14:40:57 info: stock-index-server listening on port 3000
