2023-01-17 10:49:15 [[stock-index-server]] error: Cannot read properties of undefined (reading 'key')
2023-01-17 10:50:32 [[stock-index-server]] error: Cannot read properties of undefined (reading 'key')
2023-01-17 10:50:35 [[stock-index-server]] error: Cannot read properties of undefined (reading 'key')
2023-01-17 10:50:36 [[stock-index-server]] error: Cannot read properties of undefined (reading 'key')
2023-01-17 10:50:42 [[stock-index-server]] error: Cannot read properties of undefined (reading 'key')
2023-01-17 10:50:43 [[stock-index-server]] error: TypeError: Cannot read properties of undefined (reading 'key')(GET /USD)
2023-01-17 10:51:42 [[stock-index-server]] error: TypeError: Cannot read properties of undefined (reading 'key')(GET /DJX)
2023-01-17 11:00:38 [[stock-index-server]] error: ReferenceError: CASH_LIST is not defined(GET /USD)
2023-01-17 11:07:47 [[stock-index-server]] error: Error: krw route not found(GET /krw/)
2023-01-17 11:08:11 [[stock-index-server]] error: Error: krw route not found(GET /krw/)
2023-01-17 11:10:06 [[stock-index-server]] error: Error: krw route not found(GET /krw/)
2023-01-17 11:10:51 [[stock-index-server]] error: Error: krw route not found(GET /krw/)
2023-01-17 11:11:06 [[stock-index-server]] error: Error: krw route not found(GET /krw/)
2023-01-17 11:11:14 [[stock-index-server]] error: Error: krw route not found(GET /krw/)
2023-01-17 11:11:27 [[stock-index-server]] error: Error: krw route not found(GET /krw/)
2023-01-17 11:12:04 [[stock-index-server]] error: Error: krw route not found(GET /krw/)
2023-01-17 11:13:53 [[stock-index-server]] error: Error: krw route not found(GET /krw/)
2023-01-17 11:13:54 [[stock-index-server]] error: Error: krw route not found(GET /krw/)
2023-01-17 11:14:15 [[stock-index-server]] error: Error: krw route not found(GET /krw/)
2023-01-17 11:22:39 [[stock-index-server]] error: Error: asdf route not found(GET /asdf)
2023-01-17 11:55:46 [[stock-index-server]] error: Error: 엍 route not found(GET /%EC%97%8D/123)
2023-01-17 11:55:52 [[stock-index-server]] error: ReferenceError: g_index is not defined(GET /DJX/123)
2023-01-17 11:56:02 [[stock-index-server]] error: ReferenceError: g_index is not defined(GET /DJX)
2023-01-17 11:57:11 [[stock-index-server]] error: ReferenceError: g_index is not defined(GET /DJX)
2023-01-17 11:59:43 [[stock-index-server]] error: Error: 123 format is wrong(GET /DJX/123)
2023-01-17 12:00:54 [[stock-index-server]] error: Error: 123 format is wrong(GET /DJX/123)
2023-01-17 12:01:09 [[stock-index-server]] error: Error: 123 format is wrong(GET /DJX/123)
2023-01-17 12:23:12 [[stock-index-server]] error: Error: 123 format is wrong(GET /DJX/123)
2023-01-17 13:50:02 [[stock-index-server]] error: TypeError: Cannot read properties of null (reading 'f')(GET /USD/20230101-20230117)
2023-01-17 13:50:27 [[stock-index-server]] error: TypeError: Cannot read properties of null (reading 'f')(GET /USD/)
2023-01-17 13:51:01 [[stock-index-server]] error: TypeError: Cannot read properties of null (reading 'f')(GET /USD/)
2023-01-17 13:51:44 [[stock-index-server]] error: TypeError: Cannot read properties of undefined (reading 'trim')(GET /USD/)
2023-01-17 14:05:34 [[stock-index-server]] error: Error: TEST1 route not found(GET /test1)
2023-01-17 14:05:47 [[stock-index-server]] error: TypeError: Cannot read properties of null (reading 'f')(GET /GBP)
2023-01-17 14:13:41 [[stock-index-server]] error: TypeError: Cannot read properties of undefined (reading 'split')(GET /USD)
2023-01-17 14:14:05 [[stock-index-server]] error: TypeError: string.split is not a function(GET /USD)
2023-01-17 14:33:46 error: Error: 녜 route not found(GET /%EB%85%9C)
